Using pre-set license
Built from '2021.3/release' branch; Version is '2021.3.28f1 (232e59c3f087) revision 2305625'; Using compiler version '192829333'; Build Type 'Release'
OS: 'Windows 11  (10.0.22621) 64bit Core' Language: 'en' Physical Memory: 14188 MB
BatchMode: 1, IsHumanControllingUs: 0, StartBugReporterOnCrash: 0, Is64bit: 1, IsPro: 1

COMMAND LINE ARGUMENTS:
C:\Program Files\Unity\Hub\Editor\2021.3.28f1\Editor\Unity.exe
-adb2
-batchMode
-noUpm
-name
AssetImportWorker0
-projectPath
C:/Users/missa/OneDrive/Documents/GitHub/Games-Production-Resub/Animal Crossing - Games Production Resub
-logFile
Logs/AssetImportWorker0.log
-srvPort
53393
Successfully changed project path to: C:/Users/missa/OneDrive/Documents/GitHub/Games-Production-Resub/Animal Crossing - Games Production Resub
C:/Users/missa/OneDrive/Documents/GitHub/Games-Production-Resub/Animal Crossing - Games Production Resub
[UnityMemory] Configuration Parameters - Can be set up in boot.config
    "memorysetup-bucket-allocator-granularity=16"
    "memorysetup-bucket-allocator-bucket-count=8"
    "memorysetup-bucket-allocator-block-size=33554432"
    "memorysetup-bucket-allocator-block-count=8"
    "memorysetup-main-allocator-block-size=16777216"
    "memorysetup-thread-allocator-block-size=16777216"
    "memorysetup-gfx-main-allocator-block-size=16777216"
    "memorysetup-gfx-thread-allocator-block-size=16777216"
    "memorysetup-cache-allocator-block-size=4194304"
    "memorysetup-typetree-allocator-block-size=2097152"
    "memorysetup-profiler-bucket-allocator-granularity=16"
    "memorysetup-profiler-bucket-allocator-bucket-count=8"
    "memorysetup-profiler-bucket-allocator-block-size=33554432"
    "memorysetup-profiler-bucket-allocator-block-count=8"
    "memorysetup-profiler-allocator-block-size=16777216"
    "memorysetup-profiler-editor-allocator-block-size=1048576"
    "memorysetup-temp-allocator-size-main=16777216"
    "memorysetup-job-temp-allocator-block-size=2097152"
    "memorysetup-job-temp-allocator-block-size-background=1048576"
    "memorysetup-job-temp-allocator-reduction-small-platforms=262144"
    "memorysetup-temp-allocator-size-background-worker=32768"
    "memorysetup-temp-allocator-size-job-worker=262144"
    "memorysetup-temp-allocator-size-preload-manager=33554432"
    "memorysetup-temp-allocator-size-nav-mesh-worker=65536"
    "memorysetup-temp-allocator-size-audio-worker=65536"
    "memorysetup-temp-allocator-size-cloud-worker=32768"
    "memorysetup-temp-allocator-size-gi-baking-worker=262144"
    "memorysetup-temp-allocator-size-gfx=262144"
Player connection [16216] Host "[IP] 192.168.1.151 [Port] 0 [Flags] 2 [Guid] 3361499507 [EditorId] 3361499507 [Version] 1048832 [Id] WindowsEditor(7,Illys-Legion-5) [Debug] 1 [PackageName] WindowsEditor [ProjectName] Editor" joined multi-casting on [225.0.0.222:54997]...

Player connection [16216] Host "[IP] 192.168.1.151 [Port] 0 [Flags] 2 [Guid] 3361499507 [EditorId] 3361499507 [Version] 1048832 [Id] WindowsEditor(7,Illys-Legion-5) [Debug] 1 [PackageName] WindowsEditor [ProjectName] Editor" joined alternative multi-casting on [225.0.0.222:34997]...

Refreshing native plugins compatible for Editor in 53.85 ms, found 3 plugins.
Preloading 0 native plugins for Editor in 0.00 ms.
Initialize engine version: 2021.3.28f1 (232e59c3f087)
[Subsystems] Discovering subsystems at path C:/Program Files/Unity/Hub/Editor/2021.3.28f1/Editor/Data/Resources/UnitySubsystems
[Subsystems] Discovering subsystems at path C:/Users/missa/OneDrive/Documents/GitHub/Games-Production-Resub/Animal Crossing - Games Production Resub/Assets
GfxDevice: creating device client; threaded=0; jobified=0
Direct3D:
    Version:  Direct3D 11.0 [level 11.1]
    Renderer: NVIDIA GeForce RTX 3060 Laptop GPU (ID=0x2560)
    Vendor:   NVIDIA
    VRAM:     6009 MB
    Driver:   31.0.15.3141
Initialize mono
Mono path[0] = 'C:/Program Files/Unity/Hub/Editor/2021.3.28f1/Editor/Data/Managed'
Mono path[1] = 'C:/Program Files/Unity/Hub/Editor/2021.3.28f1/Editor/Data/MonoBleedingEdge/lib/mono/unityjit-win32'
Mono config path = 'C:/Program Files/Unity/Hub/Editor/2021.3.28f1/Editor/Data/MonoBleedingEdge/etc'
Using monoOptions --debugger-agent=transport=dt_socket,embedding=1,server=y,suspend=n,address=127.0.0.1:56360
Begin MonoManager ReloadAssembly
Registering precompiled unity dll's ...
Register platform support module: C:/Program Files/Unity/Hub/Editor/2021.3.28f1/Editor/Data/PlaybackEngines/WindowsStandaloneSupport/UnityEditor.WindowsStandalone.Extensions.dll
Registered in 0.071268 seconds.
Native extension for WindowsStandalone target not found
Refreshing native plugins compatible for Editor in 52.24 ms, found 3 plugins.
Preloading 0 native plugins for Editor in 0.00 ms.
Mono: successfully reloaded assembly
- Completed reload, in  4.138 seconds
Domain Reload Profiling:
	ReloadAssembly (4139ms)
		BeginReloadAssembly (3085ms)
			ExecutionOrderSort (0ms)
			DisableScriptedObjects (0ms)
			BackupInstance (0ms)
			ReleaseScriptingObjects (0ms)
			CreateAndSetChildDomain (1ms)
		EndReloadAssembly (713ms)
			LoadAssemblies (3083ms)
			RebuildTransferFunctionScriptingTraits (0ms)
			SetupTypeCache (454ms)
			ReleaseScriptCaches (0ms)
			RebuildScriptCaches (19ms)
			SetupLoadedEditorAssemblies (201ms)
				LogAssemblyErrors (0ms)
				InitializePlatformSupportModulesInManaged (6ms)
				SetLoadedEditorAssemblies (0ms)
				RefreshPlugins (52ms)
				BeforeProcessingInitializeOnLoad (1ms)
				ProcessInitializeOnLoadAttributes (101ms)
				ProcessInitializeOnLoadMethodAttributes (41ms)
				AfterProcessingInitializeOnLoad (0ms)
				EditorAssembliesLoaded (0ms)
			ExecutionOrderSort2 (0ms)
			AwakeInstancesAfterBackupRestoration (0ms)
Platform modules already initialized, skipping
Registering precompiled user dll's ...
Registered in 0.005093 seconds.
Begin MonoManager ReloadAssembly
Symbol file LoadedFromMemory doesn't match image C:\Users\missa\OneDrive\Documents\GitHub\Games-Production-Resub\Animal Crossing - Games Production Resub\Library\PackageCache\com.unity.visualscripting@1.8.0\Editor\VisualScripting.Core\Dependencies\YamlDotNet\Unity.VisualScripting.YamlDotNet.dll
Symbol file LoadedFromMemory doesn't match image C:\Users\missa\OneDrive\Documents\GitHub\Games-Production-Resub\Animal Crossing - Games Production Resub\Library\PackageCache\com.unity.visualscripting@1.8.0\Editor\VisualScripting.Core\Dependencies\DotNetZip\Unity.VisualScripting.IonicZip.dll
Native extension for WindowsStandalone target not found
Refreshing native plugins compatible for Editor in 0.44 ms, found 3 plugins.
Preloading 0 native plugins for Editor in 0.00 ms.
Mono: successfully reloaded assembly
- Completed reload, in  3.161 seconds
Domain Reload Profiling:
	ReloadAssembly (3162ms)
		BeginReloadAssembly (100ms)
			ExecutionOrderSort (0ms)
			DisableScriptedObjects (5ms)
			BackupInstance (0ms)
			ReleaseScriptingObjects (0ms)
			CreateAndSetChildDomain (18ms)
		EndReloadAssembly (2941ms)
			LoadAssemblies (2020ms)
			RebuildTransferFunctionScriptingTraits (0ms)
			SetupTypeCache (592ms)
			ReleaseScriptCaches (0ms)
			RebuildScriptCaches (36ms)
			SetupLoadedEditorAssemblies (271ms)
				LogAssemblyErrors (0ms)
				InitializePlatformSupportModulesInManaged (4ms)
				SetLoadedEditorAssemblies (0ms)
				RefreshPlugins (0ms)
				BeforeProcessingInitializeOnLoad (61ms)
				ProcessInitializeOnLoadAttributes (183ms)
				ProcessInitializeOnLoadMethodAttributes (16ms)
				AfterProcessingInitializeOnLoad (6ms)
				EditorAssembliesLoaded (0ms)
			ExecutionOrderSort2 (0ms)
			AwakeInstancesAfterBackupRestoration (5ms)
Platform modules already initialized, skipping
========================================================================
Worker process is ready to serve import requests
Launched and connected shader compiler UnityShaderCompiler.exe after 0.07 seconds
Refreshing native plugins compatible for Editor in 0.49 ms, found 3 plugins.
Preloading 0 native plugins for Editor in 0.00 ms.
Unloading 3051 Unused Serialized files (Serialized files now loaded: 0)
Unloading 22 unused Assets / (46.3 KB). Loaded Objects now: 3513.
Memory consumption went from 108.5 MB to 108.5 MB.
Total: 2.451300 ms (FindLiveObjects: 0.263600 ms CreateObjectMapping: 0.079300 ms MarkObjects: 2.057800 ms  DeleteObjects: 0.049600 ms)

AssetImportParameters requested are different than current active one (requested -> active):
  custom:video-decoder-ogg-theora: a1e56fd34408186e4bbccfd4996cb3dc -> 
  custom:container-muxer-webm: aa71ff27fc2769a1b78a27578f13a17b -> 
  custom:container-demuxer-webm: 4f35f7cbe854078d1ac9338744f61a02 -> 
  custom:video-encoder-webm-vp8: eb34c28f22e8b96e1ab97ce403110664 -> 
  custom:video-codec-MediaFoundation-h265: 746d11721c4dcdbdad8f713fa42b33f4 -> 
  custom:CustomObjectIndexerAttribute: bc11b3a6c3213fcdd17b65e7da85e133 -> 
  custom:audio-encoder-webm-vorbis: bf7c407c2cedff20999df2af8eb42d56 -> 
  custom:framework-win-MediaFoundation: 216162199b28c13a410421893ffa2e32 -> 
  custom:container-demuxer-ogg: 62fdf1f143b41e24485cea50d1cbac27 -> 
  custom:video-decoder-webm-vp8: 9c59270c3fd7afecdb556c50c9e8de78 -> 
  custom:audio-decoder-ogg-vorbis: bf7c407c2cedff20999df2af8eb42d56 -> 
========================================================================
Received Import Request.
  Time since last request: 524490.454882 seconds.
  path: Assets/villager models (FREE TO USE)/bear.fbx
  artifactKey: Guid(d2ccc770a5585bf4caf65805fc97909a) Importer(815301076,1909f56bfc062723c751e8b465ee728b)
Start importing Assets/villager models (FREE TO USE)/bear.fbx using Guid(d2ccc770a5585bf4caf65805fc97909a) Importer(815301076,1909f56bfc062723c751e8b465ee728b)  -> (artifact id: '398c9b74891b6efeef3e9866696934d4') in 0.489278 seconds 
========================================================================
Received Import Request.
  Time since last request: 17.230415 seconds.
  path: Assets/Scenes 1
  artifactKey: Guid(c2ea2b9e11cf3674db809d6287f38315) Importer(815301076,1909f56bfc062723c751e8b465ee728b)
Start importing Assets/Scenes 1 using Guid(c2ea2b9e11cf3674db809d6287f38315) Importer(815301076,1909f56bfc062723c751e8b465ee728b)  -> (artifact id: 'eef899f61d95c5a874b6978b4ea9ebd4') in 0.008325 seconds 
========================================================================
Received Import Request.
  Time since last request: 3.917290 seconds.
  path: Assets/Scenes
  artifactKey: Guid(619a6b121fc1ee440b4e7da1acb4e46a) Importer(815301076,1909f56bfc062723c751e8b465ee728b)
Start importing Assets/Scenes using Guid(619a6b121fc1ee440b4e7da1acb4e46a) Importer(815301076,1909f56bfc062723c751e8b465ee728b)  -> (artifact id: '2415e28e4b5c562e341fc41b8c6e78b7') in 0.008711 seconds 
========================================================================
Received Import Request.
  Time since last request: 10.931052 seconds.
  path: Assets/Item models
  artifactKey: Guid(c2ea2b9e11cf3674db809d6287f38315) Importer(815301076,1909f56bfc062723c751e8b465ee728b)
Start importing Assets/Item models using Guid(c2ea2b9e11cf3674db809d6287f38315) Importer(815301076,1909f56bfc062723c751e8b465ee728b)  -> (artifact id: '20e8095e0fe6f7c82541c50a9d286b5c') in 0.008814 seconds 
========================================================================
Received Import Request.
  Time since last request: 9.930074 seconds.
  path: Assets/Item models (FREE TO USE)
  artifactKey: Guid(c2ea2b9e11cf3674db809d6287f38315) Importer(815301076,1909f56bfc062723c751e8b465ee728b)
Start importing Assets/Item models (FREE TO USE) using Guid(c2ea2b9e11cf3674db809d6287f38315) Importer(815301076,1909f56bfc062723c751e8b465ee728b)  -> (artifact id: '63a153f6a486d68faaf1ab24adc1cab2') in 0.010832 seconds 
========================================================================
Received Import Request.
  Time since last request: 709.224004 seconds.
  path: Assets/villager models (FREE TO USE)/CatAnkha.fbx
  artifactKey: Guid(3280b03989db87243b3c43bf86dd8b23) Importer(815301076,1909f56bfc062723c751e8b465ee728b)
Start importing Assets/villager models (FREE TO USE)/CatAnkha.fbx using Guid(3280b03989db87243b3c43bf86dd8b23) Importer(815301076,1909f56bfc062723c751e8b465ee728b)  -> (artifact id: '4b4b57e448cc59dc13380c90136d9e0b') in 0.283177 seconds 
========================================================================
Received Import Request.
  Time since last request: 259.112159 seconds.
  path: Assets/animal_Bells06.fbx
  artifactKey: Guid(eb69cbf52ef64834da04b3f3ae020694) Importer(815301076,1909f56bfc062723c751e8b465ee728b)
Start importing Assets/animal_Bells06.fbx using Guid(eb69cbf52ef64834da04b3f3ae020694) Importer(815301076,1909f56bfc062723c751e8b465ee728b)  -> (artifact id: '99d05bed3b1724e419526546fb53ce32') in 0.103433 seconds 
========================================================================
Received Import Request.
  Time since last request: 152.333481 seconds.
  path: Assets/villager models (FREE TO USE)/Pots - Production.fbx
  artifactKey: Guid(cd624081c0871a94baf68c87e2d42693) Importer(815301076,1909f56bfc062723c751e8b465ee728b)
Start importing Assets/villager models (FREE TO USE)/Pots - Production.fbx using Guid(cd624081c0871a94baf68c87e2d42693) Importer(815301076,1909f56bfc062723c751e8b465ee728b)  -> (artifact id: 'ae71bba039c7fd7649c4d281672b4db2') in 0.317027 seconds 
========================================================================
Received Import Request.
  Time since last request: 290.745850 seconds.
  path: Assets/villager models (FREE TO USE)/audie with dress full.stl
  artifactKey: Guid(d62f906833115764ea45ba6463cd82e1) Importer(815301076,1909f56bfc062723c751e8b465ee728b)
Start importing Assets/villager models (FREE TO USE)/audie with dress full.stl using Guid(d62f906833115764ea45ba6463cd82e1) Importer(815301076,1909f56bfc062723c751e8b465ee728b)  -> (artifact id: 'cf4f24d5e85c1ef180c64d8dfb45fe51') in 0.013183 seconds 
========================================================================
Received Import Request.
  Time since last request: 53.880089 seconds.
  path: Assets/villager models (FREE TO USE)/Pots villager.max
  artifactKey: Guid(791cdce41194d584ebbb8820edb096f2) Importer(815301076,1909f56bfc062723c751e8b465ee728b)
Start importing Assets/villager models (FREE TO USE)/Pots villager.max using Guid(791cdce41194d584ebbb8820edb096f2) Importer(815301076,1909f56bfc062723c751e8b465ee728b)  -> (artifact id: '6cfd29f9049a7cb9f535290c1320a1e6') in 0.153600 seconds 
